<?xml version="1.0" encoding="UTF-8"?>
<!-- Generated by org.testng.reporters.JUnitReportReporter -->
<testsuite hostname="DESKTOP-DOJ891E" failures="0" tests="2" name="FunctionalTestScript.loginlogout" time="11.021" errors="0" timestamp="2025-03-18T19:02:36 IST" skipped="0">
  <testcase classname="FunctionalTestScript.loginlogout" name="loginTest" time="8.634"/>
  <testcase classname="FunctionalTestScript.loginlogout" name="logoutTest" time="2.387"/>
</testsuite> <!-- FunctionalTestScript.loginlogout -->
