<?xml version="1.0" encoding="UTF-8"?>
<!-- Generated by org.testng.reporters.JUnitReportReporter -->
<testsuite hostname="DESKTOP-DOJ891E" failures="0" tests="9" name="FunctionalTestScript.ProductDetailPage" time="4.689" errors="0" timestamp="2025-03-29T18:23:28 IST" skipped="0">
  <testcase classname="FunctionalTestScript.ProductDetailPage" name="verifyAddToCart" time="1.998"/>
  <testcase classname="FunctionalTestScript.ProductDetailPage" name="verifyQuantity" time="0.330"/>
  <testcase classname="FunctionalTestScript.ProductDetailPage" name="verifyProductPrice" time="0.030"/>
  <testcase classname="FunctionalTestScript.ProductDetailPage" name="verifyBrand" time="0.049"/>
  <testcase classname="FunctionalTestScript.ProductDetailPage" name="verifyProductName" time="0.046"/>
  <testcase classname="FunctionalTestScript.ProductDetailPage" name="verifyAvailability" time="0.063"/>
  <testcase classname="FunctionalTestScript.ProductDetailPage" name="navigation" time="2.061"/>
  <testcase classname="FunctionalTestScript.ProductDetailPage" name="verifyCondition" time="0.070"/>
  <testcase classname="FunctionalTestScript.ProductDetailPage" name="verifyProductCategory" time="0.042"/>
</testsuite> <!-- FunctionalTestScript.ProductDetailPage -->
