<?xml version="1.0" encoding="UTF-8"?>
<!-- Generated by org.testng.reporters.JUnitReportReporter -->
<testsuite hostname="DESKTOP-DOJ891E" failures="0" tests="11" name="FunctionalTestScript.HomePageTest" time="16.002" errors="0" timestamp="2025-03-29T19:34:18 IST" skipped="0">
  <testcase classname="FunctionalTestScript.HomePageTest" name="verifyHomePageTitle" time="0.091"/>
  <testcase classname="FunctionalTestScript.HomePageTest" name="verifyLogoPresence" time="0.133"/>
  <testcase classname="FunctionalTestScript.HomePageTest" name="verifyNavigationBar" time="1.098"/>
  <testcase classname="FunctionalTestScript.HomePageTest" name="verifyLoginButton" time="0.076"/>
  <testcase classname="FunctionalTestScript.HomePageTest" name="verifyProductButton" time="0.079"/>
  <testcase classname="FunctionalTestScript.HomePageTest" name="verifyCartButton" time="0.083"/>
  <testcase classname="FunctionalTestScript.HomePageTest" name="verifyContactusButton" time="0.091"/>
  <testcase classname="FunctionalTestScript.HomePageTest" name="verifySubscription" time="8.889"/>
  <testcase classname="FunctionalTestScript.HomePageTest" name="verifyScrolldownScrollup" time="4.285"/>
  <testcase classname="FunctionalTestScript.HomePageTest" name="verifyBannerScroll" time="0.281"/>
  <testcase classname="FunctionalTestScript.HomePageTest" name="verifyScrolldownToElement" time="0.896"/>
</testsuite> <!-- FunctionalTestScript.HomePageTest -->
